{"/home/lucas/github/start-with-tests/src/app.ts": {"path":"/home/lucas/github/start-with-tests/src/app.ts","statementMap":{"0":{"start":{"line":9,"column":4},"end":{"line":9,"column":29}},"1":{"start":{"line":10,"column":4},"end":{"line":10,"column":23}},"2":{"start":{"line":11,"column":4},"end":{"line":11,"column":18}},"3":{"start":{"line":15,"column":4},"end":{"line":15,"column":37}},"4":{"start":{"line":16,"column":4},"end":{"line":16,"column":29}},"5":{"start":{"line":20,"column":4},"end":{"line":20,"column":34}}},"fnMap":{"0":{"name":"(anonymous_0)","decl":{"start":{"line":8,"column":2},"end":{"line":8,"column":3}},"loc":{"start":{"line":8,"column":23},"end":{"line":12,"column":3}},"line":8},"1":{"name":"(anonymous_1)","decl":{"start":{"line":14,"column":2},"end":{"line":14,"column":3}},"loc":{"start":{"line":14,"column":31},"end":{"line":17,"column":3}},"line":14},"2":{"name":"(anonymous_2)","decl":{"start":{"line":19,"column":2},"end":{"line":19,"column":3}},"loc":{"start":{"line":19,"column":26},"end":{"line":21,"column":3}},"line":19}},"branchMap":{},"s":{"0":1,"1":1,"2":1,"3":1,"4":1,"5":1},"f":{"0":1,"1":1,"2":1},"b":{},"_coverageSchema":"1a1c01bbd47fc00a2c39e90264f33305004495a9","hash":"bf5668d1235db50045512c2c420d12adc7851006"}
,"/home/lucas/github/start-with-tests/src/routes.ts": {"path":"/home/lucas/github/start-with-tests/src/routes.ts","statementMap":{"0":{"start":{"line":4,"column":15},"end":{"line":4,"column":23}},"1":{"start":{"line":6,"column":0},"end":{"line":6,"column":46}}},"fnMap":{},"branchMap":{},"s":{"0":1,"1":1},"f":{},"b":{},"_coverageSchema":"1a1c01bbd47fc00a2c39e90264f33305004495a9","hash":"24fd21051b1e37bad1d249691cae030d012727a4"}
,"/home/lucas/github/start-with-tests/src/server.ts": {"path":"/home/lucas/github/start-with-tests/src/server.ts","statementMap":{"0":{"start":{"line":3,"column":13},"end":{"line":3,"column":17}},"1":{"start":{"line":5,"column":12},"end":{"line":5,"column":15}},"2":{"start":{"line":7,"column":0},"end":{"line":7,"column":17}}},"fnMap":{},"branchMap":{},"s":{"0":0,"1":0,"2":0},"f":{},"b":{}}
,"/home/lucas/github/start-with-tests/src/controllers/UsersController.ts": {"path":"/home/lucas/github/start-with-tests/src/controllers/UsersController.ts","statementMap":{"0":{"start":{"line":5,"column":24},"end":{"line":14,"column":1}},"1":{"start":{"line":6,"column":22},"end":{"line":10,"column":3}},"2":{"start":{"line":11,"column":21},"end":{"line":11,"column":59}},"3":{"start":{"line":13,"column":2},"end":{"line":13,"column":34}},"4":{"start":{"line":17,"column":18},"end":{"line":38,"column":3}},"5":{"start":{"line":18,"column":21},"end":{"line":18,"column":29}},"6":{"start":{"line":19,"column":22},"end":{"line":19,"column":30}},"7":{"start":{"line":20,"column":25},"end":{"line":20,"column":33}},"8":{"start":{"line":22,"column":4},"end":{"line":24,"column":5}},"9":{"start":{"line":23,"column":6},"end":{"line":23,"column":62}},"10":{"start":{"line":25,"column":4},"end":{"line":37,"column":5}},"11":{"start":{"line":26,"column":21},"end":{"line":30,"column":8}},"12":{"start":{"line":31,"column":6},"end":{"line":33,"column":7}},"13":{"start":{"line":32,"column":8},"end":{"line":32,"column":70}},"14":{"start":{"line":34,"column":6},"end":{"line":34,"column":65}},"15":{"start":{"line":36,"column":6},"end":{"line":36,"column":45}}},"fnMap":{"0":{"name":"(anonymous_0)","decl":{"start":{"line":5,"column":24},"end":{"line":5,"column":25}},"loc":{"start":{"line":5,"column":43},"end":{"line":14,"column":1}},"line":5},"1":{"name":"(anonymous_1)","decl":{"start":{"line":17,"column":18},"end":{"line":17,"column":19}},"loc":{"start":{"line":17,"column":57},"end":{"line":38,"column":3}},"line":17}},"branchMap":{"0":{"loc":{"start":{"line":22,"column":4},"end":{"line":24,"column":5}},"type":"if","locations":[{"start":{"line":22,"column":4},"end":{"line":24,"column":5}},{"start":{"line":22,"column":4},"end":{"line":24,"column":5}}],"line":22},"1":{"loc":{"start":{"line":31,"column":6},"end":{"line":33,"column":7}},"type":"if","locations":[{"start":{"line":31,"column":6},"end":{"line":33,"column":7}},{"start":{"line":31,"column":6},"end":{"line":33,"column":7}}],"line":31}},"s":{"0":1,"1":3,"2":3,"3":3,"4":1,"5":3,"6":3,"7":3,"8":3,"9":2,"10":1,"11":1,"12":1,"13":0,"14":1,"15":0},"f":{"0":3,"1":3},"b":{"0":[2,1],"1":[0,1]},"_coverageSchema":"1a1c01bbd47fc00a2c39e90264f33305004495a9","hash":"b08f3e71e87a20764987d053516c2c7ebcca283c"}
,"/home/lucas/github/start-with-tests/src/database/connection.ts": {"path":"/home/lucas/github/start-with-tests/src/database/connection.ts","statementMap":{"0":{"start":{"line":4,"column":19},"end":{"line":10,"column":1}}},"fnMap":{},"branchMap":{"0":{"loc":{"start":{"line":5,"column":2},"end":{"line":9,"column":25}},"type":"cond-expr","locations":[{"start":{"line":6,"column":6},"end":{"line":6,"column":24}},{"start":{"line":7,"column":6},"end":{"line":9,"column":25}}],"line":5},"1":{"loc":{"start":{"line":7,"column":6},"end":{"line":9,"column":25}},"type":"cond-expr","locations":[{"start":{"line":8,"column":8},"end":{"line":8,"column":19}},{"start":{"line":9,"column":8},"end":{"line":9,"column":25}}],"line":7}},"s":{"0":2},"f":{},"b":{"0":[0,2],"1":[2,0]},"_coverageSchema":"1a1c01bbd47fc00a2c39e90264f33305004495a9","hash":"2b1eaeb28d99097ca48af6292a944810bd01fc37"}
,"/home/lucas/github/start-with-tests/src/database/migrations/20200606134229_users.ts": {"path":"/home/lucas/github/start-with-tests/src/database/migrations/20200606134229_users.ts","statementMap":{"0":{"start":{"line":4,"column":2},"end":{"line":10,"column":5}},"1":{"start":{"line":5,"column":4},"end":{"line":5,"column":56}},"2":{"start":{"line":6,"column":4},"end":{"line":6,"column":39}},"3":{"start":{"line":7,"column":4},"end":{"line":7,"column":40}},"4":{"start":{"line":8,"column":4},"end":{"line":8,"column":48}},"5":{"start":{"line":9,"column":4},"end":{"line":9,"column":59}},"6":{"start":{"line":14,"column":2},"end":{"line":14,"column":40}}},"fnMap":{"0":{"name":"up","decl":{"start":{"line":3,"column":22},"end":{"line":3,"column":24}},"loc":{"start":{"line":3,"column":51},"end":{"line":11,"column":1}},"line":3},"1":{"name":"(anonymous_1)","decl":{"start":{"line":4,"column":42},"end":{"line":4,"column":43}},"loc":{"start":{"line":4,"column":53},"end":{"line":10,"column":3}},"line":4},"2":{"name":"down","decl":{"start":{"line":13,"column":22},"end":{"line":13,"column":26}},"loc":{"start":{"line":13,"column":53},"end":{"line":15,"column":1}},"line":13}},"branchMap":{},"s":{"0":0,"1":0,"2":0,"3":0,"4":0,"5":0,"6":0},"f":{"0":0,"1":0,"2":0},"b":{}}
,"/home/lucas/github/start-with-tests/src/models/UsersModel.ts": {"path":"/home/lucas/github/start-with-tests/src/models/UsersModel.ts","statementMap":{"0":{"start":{"line":12,"column":22},"end":{"line":31,"column":3}},"1":{"start":{"line":13,"column":21},"end":{"line":13,"column":25}},"2":{"start":{"line":14,"column":22},"end":{"line":14,"column":26}},"3":{"start":{"line":15,"column":25},"end":{"line":15,"column":29}},"4":{"start":{"line":17,"column":4},"end":{"line":30,"column":5}},"5":{"start":{"line":18,"column":17},"end":{"line":18,"column":54}},"6":{"start":{"line":19,"column":28},"end":{"line":19,"column":59}},"7":{"start":{"line":21,"column":20},"end":{"line":26,"column":8}},"8":{"start":{"line":27,"column":6},"end":{"line":27,"column":18}},"9":{"start":{"line":29,"column":6},"end":{"line":29,"column":19}},"10":{"start":{"line":33,"column":21},"end":{"line":35,"column":3}},"11":{"start":{"line":34,"column":4},"end":{"line":34,"column":36}}},"fnMap":{"0":{"name":"(anonymous_0)","decl":{"start":{"line":12,"column":22},"end":{"line":12,"column":23}},"loc":{"start":{"line":12,"column":64},"end":{"line":31,"column":3}},"line":12},"1":{"name":"(anonymous_1)","decl":{"start":{"line":33,"column":21},"end":{"line":33,"column":22}},"loc":{"start":{"line":33,"column":33},"end":{"line":35,"column":3}},"line":33}},"branchMap":{},"s":{"0":2,"1":5,"2":5,"3":5,"4":5,"5":5,"6":5,"7":4,"8":2,"9":3,"10":2,"11":7},"f":{"0":5,"1":7},"b":{},"_coverageSchema":"1a1c01bbd47fc00a2c39e90264f33305004495a9","hash":"c2714ed8d86fa0e7dac90aa82ae4a88424b72e85"}
}
