TN:
SF:src/app.ts
FN:8,(anonymous_0)
FN:14,(anonymous_1)
FN:19,(anonymous_2)
FNF:3
FNH:3
FNDA:1,(anonymous_0)
FNDA:1,(anonymous_1)
FNDA:1,(anonymous_2)
DA:9,1
DA:10,1
DA:11,1
DA:15,1
DA:16,1
DA:20,1
LF:6
LH:6
BRF:0
BRH:0
end_of_record
TN:
SF:src/routes.ts
FNF:0
FNH:0
DA:4,1
DA:6,1
LF:2
LH:2
BRF:0
BRH:0
end_of_record
TN:
SF:src/server.ts
FNF:0
FNH:0
DA:3,0
DA:5,0
DA:7,0
LF:3
LH:0
BRF:0
BRH:0
end_of_record
TN:
SF:src/controllers/UsersController.ts
FN:5,(anonymous_0)
FN:17,(anonymous_1)
FNF:2
FNH:2
FNDA:3,(anonymous_0)
FNDA:3,(anonymous_1)
DA:5,1
DA:6,3
DA:11,3
DA:13,3
DA:17,1
DA:18,3
DA:19,3
DA:20,3
DA:22,3
DA:23,2
DA:25,1
DA:26,1
DA:31,1
DA:32,0
DA:34,1
DA:36,0
LF:16
LH:14
BRDA:22,0,0,2
BRDA:22,0,1,1
BRDA:31,1,0,0
BRDA:31,1,1,1
BRF:4
BRH:3
end_of_record
TN:
SF:src/database/connection.ts
FNF:0
FNH:0
DA:4,2
LF:1
LH:1
BRDA:5,0,0,0
BRDA:5,0,1,2
BRDA:7,1,0,2
BRDA:7,1,1,0
BRF:4
BRH:2
end_of_record
TN:
SF:src/database/migrations/20200606134229_users.ts
FN:3,up
FN:4,(anonymous_1)
FN:13,down
FNF:3
FNH:0
FNDA:0,up
FNDA:0,(anonymous_1)
FNDA:0,down
DA:4,0
DA:5,0
DA:6,0
DA:7,0
DA:8,0
DA:9,0
DA:14,0
LF:7
LH:0
BRF:0
BRH:0
end_of_record
TN:
SF:src/models/UsersModel.ts
FN:12,(anonymous_0)
FN:33,(anonymous_1)
FNF:2
FNH:2
FNDA:5,(anonymous_0)
FNDA:7,(anonymous_1)
DA:12,2
DA:13,5
DA:14,5
DA:15,5
DA:17,5
DA:18,5
DA:19,5
DA:21,4
DA:27,2
DA:29,3
DA:33,2
DA:34,7
LF:12
LH:12
BRF:0
BRH:0
end_of_record
